feature/audiosearch/build/intermediates/manifest_merge_blame_file/debug/manifest-merger-blame-debug-report.txt
1<?xml version="1.0" encoding="utf-8"?>
2<manifest xmlns:android="http://schemas.android.com/apk/res/android"
3    package="com.omar.musica.audiosearch" >
4
5    <uses-sdk android:minSdkVersion="21" />
6
7    <!-- 录音权限 - 用于录制用户的音频输入 -->
8    <uses-permission android:name="android.permission.RECORD_AUDIO" />
8-->src\main\AndroidManifest.xml:5:5-71
8-->src\main\AndroidManifest.xml:5:22-68
9
10</manifest>